<?xml version="1.0" encoding="utf-8"?><testsuites name="pytest tests"><testsuite name="pytest" errors="0" failures="0" skipped="0" tests="10" time="4.100" timestamp="2026-09-01T17:02:46.972471+00:00" hostname="agent-env-d527e1d6-679b-474e-901b-3b7e4e36d119"><testcase classname="tests.test_rbms_iteration7.TestExcelImport" name="test_admin_import_success" time="1.926" /><testcase classname="tests.test_rbms_iteration7.TestPdfReports" name="test_pdf_download[daily]" time="2.040" /><testcase classname="tests.test_rbms_iteration7.TestExcelImport" name="test_officer_cannot_import" time="0.156" /><testcase classname="tests.test_rbms_iteration7.TestPdfReports" name="test_pdf_download[weekly]" time="0.128" /><testcase classname="tests.test_rbms_iteration7.TestExcelImport" name="test_non_xlsx_rejected" time="0.186" /><testcase classname="tests.test_rbms_iteration7.TestPdfReports" name="test_pdf_download[monthly]" time="0.154" /><testcase classname="tests.test_rbms_iteration7.TestAuditTrail" name="test_audit_on_submit_and_approve" time="0.685" /><testcase classname="tests.test_rbms_iteration7.TestPdfReports" name="test_invalid_period" time="0.196" /><testcase classname="tests.test_rbms_iteration7.TestPdfReports" name="test_data_entry_forbidden" time="0.231" /><testcase classname="tests.test_rbms_iteration7" name="test_officer_display_name" time="0.165" /></testsuite></testsuites>