<?xml version="1.0" encoding="utf-8"?><testsuites name="pytest tests"><testsuite name="pytest" errors="0" failures="0" skipped="0" tests="6" time="2.437" timestamp="2026-08-21T15:29:53.175364+00:00" hostname="agent-env-d527e1d6-679b-474e-901b-3b7e4e36d119"><testcase classname="tests.test_rbms_regression" name="test_login_and_me" time="1.098" /><testcase classname="tests.test_rbms_regression" name="test_bad_login_rejected" time="0.369" /><testcase classname="tests.test_rbms_regression" name="test_dashboard_shape" time="0.107" /><testcase classname="tests.test_rbms_regression" name="test_data_entry_cannot_find_slots" time="0.130" /><testcase classname="tests.test_rbms_regression" name="test_create_pending_strict_and_duration" time="0.069" /><testcase classname="tests.test_rbms_regression" name="test_slots_and_export" time="0.172" /></testsuite></testsuites>