<?xml version="1.0" encoding="utf-8"?><testsuites name="pytest tests"><testsuite name="pytest" errors="0" failures="0" skipped="0" tests="6" time="2.183" timestamp="2026-08-21T15:24:21.093398+00:00" hostname="agent-env-d527e1d6-679b-474e-901b-3b7e4e36d119"><testcase classname="tests.test_rbms_regression" name="test_login_and_me" time="0.851" /><testcase classname="tests.test_rbms_regression" name="test_bad_login_rejected" time="0.382" /><testcase classname="tests.test_rbms_regression" name="test_dashboard_shape" time="0.067" /><testcase classname="tests.test_rbms_regression" name="test_data_entry_cannot_find_slots" time="0.135" /><testcase classname="tests.test_rbms_regression" name="test_create_pending_strict_and_duration" time="0.073" /><testcase classname="tests.test_rbms_regression" name="test_slots_and_export" time="0.156" /></testsuite></testsuites>