<?xml version="1.0" encoding="utf-8"?><testsuites name="pytest tests"><testsuite name="pytest" errors="0" failures="0" skipped="0" tests="12" time="4.567" timestamp="2026-09-01T16:44:16.991842+00:00" hostname="agent-env-d527e1d6-679b-474e-901b-3b7e4e36d119"><testcase classname="tests.test_rbms_iteration5" name="test_officer_name_is_srdom" time="1.581" /><testcase classname="tests.test_rbms_iteration5" name="test_corridor_status[12:15-14:00-STRICTLY INSIDE CORRIDOR]" time="0.078" /><testcase classname="tests.test_rbms_iteration5" name="test_corridor_status[11:50-14:00-NEARLY CORRIDOR]" time="0.082" /><testcase classname="tests.test_rbms_iteration5" name="test_corridor_status[06:00-07:00-COMPLETELY OUTSIDE CORRIDOR]" time="0.079" /><testcase classname="tests.test_rbms_iteration5" name="test_data_entry_forbidden_admin_users" time="0.152" /><testcase classname="tests.test_rbms_iteration5" name="test_officer_cannot_create_user" time="0.091" /><testcase classname="tests.test_rbms_iteration5" name="test_admin_lists_users" time="0.156" /><testcase classname="tests.test_rbms_iteration5" name="test_admin_create_and_deactivate_user" time="1.035" /><testcase classname="tests.test_rbms_iteration5" name="test_admin_corridor_add" time="0.221" /><testcase classname="tests.test_rbms_iteration5" name="test_notifications_include_new_block" time="0.150" /><testcase classname="tests.test_rbms_iteration5" name="test_slots_reflect_new_block" time="0.251" /><testcase classname="tests.test_rbms_iteration5" name="test_blocks_date_filter" time="0.095" /></testsuite></testsuites>